<?xml version="1.0" encoding="UTF-8"?>
<!-- Generated by org.testng.reporters.JUnitReportReporter -->
<testsuite hostname="WKWIN2371013" failures="0" tests="3" name="SeleniumTests.Testngdemo" time="0.009" errors="0" timestamp="2023-02-04T08:14:00 IST" skipped="0">
  <testcase classname="SeleniumTests.Testngdemo" name="minus1" time="0.007"/>
  <system-out/>
  <testcase classname="SeleniumTests.Testngdemo" name="order0" time="0.001"/>
  <system-out/>
  <testcase classname="SeleniumTests.Testngdemo" name="order1" time="0.001"/>
  <system-out/>
</testsuite> <!-- SeleniumTests.Testngdemo -->
